This file contains any messages produced by compilers while
running configure, to aid debugging if configure makes a mistake.

It was created by configure, which was
generated by GNU Autoconf 2.59.  Invocation command line was

  $ ./configure --prefix=/usr/local --without-docs --without-man --without-bench --without-extra-tools CFLAGS=-g CFLAGS= -DDBUG_OFF -g   -D_P1003_1B_VISIBLE -DSIGNAL_WITH_VIO_CLOSE -DSIGNALS_DONT_BREAK_READ -DIGNORE_SIGHUP_SIGQUIT CXXFLAGS=-O3 -DDBUG_OFF    -fno-implicit-templates -fno-exceptions -fno-rtti -D_P1003_1B_VISIBLE -DSIGNAL_WITH_VIO_CLOSE -DSIGNALS_DONT_BREAK_READ -DIGNORE_SIGHUP_SIGQUIT --cache-file=/dev/null --srcdir=.

## --------- ##
## Platform. ##
## --------- ##

hostname = wisehead
uname -m = x86_64
uname -r = 16.7.0
uname -s = Darwin
uname -v = Darwin Kernel Version 16.7.0: Thu Jun 15 17:36:27 PDT 2017; root:xnu-3789.70.16~2/RELEASE_X86_64

/usr/bin/uname -p = i386
/bin/uname -X     = unknown

/bin/arch              = unknown
/usr/bin/arch -k       = unknown
/usr/convex/getsysinfo = unknown
hostinfo               = Mach kernel version:
	 Darwin Kernel Version 16.7.0: Thu Jun 15 17:36:27 PDT 2017; root:xnu-3789.70.16~2/RELEASE_X86_64
Kernel configured for up to 4 processors.
2 processors are physically available.
4 processors are logically available.
Processor type: x86_64h (Intel x86-64h Haswell)
Processors active: 0 1 2 3
Primary memory available: 8.00 gigabytes
Default processor set: 383 tasks, 2749 threads, 4 processors
Load average: 8.77, Mach factor: 1.70
/bin/machine           = unknown
/usr/bin/oslevel       = unknown
/bin/universe          = unknown

PATH: .
PATH: /Users/chenhui13/bin
PATH: /usr/local/bin
PATH: /Users/chenhui13/bin
PATH: /usr/local/bin
PATH: /usr/local/bin
PATH: /usr/bin
PATH: /bin
PATH: /usr/sbin
PATH: /sbin


## ----------- ##
## Core tests. ##
## ----------- ##

configure:1531: checking build system type
configure:1549: result: i686-apple-darwin16.7.0
configure:1557: checking host system type
configure:1571: result: i686-apple-darwin16.7.0
configure:1579: checking target system type
configure:1593: result: i686-apple-darwin16.7.0
configure:1607: checking whether to enable maintainer-specific portions of Makefiles
configure:1616: result: no
configure:1647: checking for a BSD-compatible install
configure:1702: result: /usr/bin/install -c
configure:1713: checking whether build environment is sane
configure:1756: result: yes
configure:1821: checking for gawk
configure:1850: result: no
configure:1821: checking for mawk
configure:1850: result: no
configure:1821: checking for nawk
configure:1850: result: no
configure:1821: checking for awk
configure:1837: found /usr/bin/awk
configure:1847: result: awk
configure:1857: checking whether make sets $(MAKE)
configure:1877: result: yes
configure:2118: checking for gcc
configure:2144: result: gcc
configure:2388: checking for C compiler version
configure:2391: gcc --version </dev/null >&5
Configured with: --prefix=/Library/Developer/CommandLineTools/usr --with-gxx-include-dir=/usr/include/c++/4.2.1
Apple LLVM version 9.0.0 (clang-900.0.39.2)
Target: x86_64-apple-darwin16.7.0
Thread model: posix
InstalledDir: /Library/Developer/CommandLineTools/usr/bin
configure:2394: $? = 0
configure:2396: gcc -v </dev/null >&5
Configured with: --prefix=/Library/Developer/CommandLineTools/usr --with-gxx-include-dir=/usr/include/c++/4.2.1
Apple LLVM version 9.0.0 (clang-900.0.39.2)
Target: x86_64-apple-darwin16.7.0
Thread model: posix
InstalledDir: /Library/Developer/CommandLineTools/usr/bin
configure:2399: $? = 0
configure:2401: gcc -V </dev/null >&5
clang: error: argument to '-V' is missing (expected 1 value)
clang: error: no input files
configure:2404: $? = 1
configure:2427: checking for C compiler default output file name
configure:2430: gcc  -DDBUG_OFF -g   -D_P1003_1B_VISIBLE -DSIGNAL_WITH_VIO_CLOSE -DSIGNALS_DONT_BREAK_READ -DIGNORE_SIGHUP_SIGQUIT     conftest.c  >&5
configure:2433: $? = 0
configure:2479: result: a.out
configure:2484: checking whether the C compiler works
configure:2490: ./a.out
configure:2493: $? = 0
configure:2510: result: yes
configure:2517: checking whether we are cross compiling
configure:2519: result: no
configure:2522: checking for suffix of executables
configure:2524: gcc -o conftest  -DDBUG_OFF -g   -D_P1003_1B_VISIBLE -DSIGNAL_WITH_VIO_CLOSE -DSIGNALS_DONT_BREAK_READ -DIGNORE_SIGHUP_SIGQUIT     conftest.c  >&5
configure:2527: $? = 0
configure:2552: result: 
configure:2558: checking for suffix of object files
configure:2579: gcc -c  -DDBUG_OFF -g   -D_P1003_1B_VISIBLE -DSIGNAL_WITH_VIO_CLOSE -DSIGNALS_DONT_BREAK_READ -DIGNORE_SIGHUP_SIGQUIT   conftest.c >&5
configure:2582: $? = 0
configure:2604: result: o
configure:2608: checking whether we are using the GNU C compiler
configure:2632: gcc -c  -DDBUG_OFF -g   -D_P1003_1B_VISIBLE -DSIGNAL_WITH_VIO_CLOSE -DSIGNALS_DONT_BREAK_READ -DIGNORE_SIGHUP_SIGQUIT   conftest.c >&5
configure:2638: $? = 0
configure:2642: test -z 
			 || test ! -s conftest.err
configure:2645: $? = 0
configure:2648: test -s conftest.o
configure:2651: $? = 0
configure:2664: result: yes
configure:2670: checking whether gcc accepts -g
configure:2691: gcc -c -g  conftest.c >&5
configure:2697: $? = 0
configure:2701: test -z 
			 || test ! -s conftest.err
configure:2704: $? = 0
configure:2707: test -s conftest.o
configure:2710: $? = 0
configure:2721: result: yes
configure:2738: checking for gcc option to accept ANSI C
configure:2808: gcc  -c  -DDBUG_OFF -g   -D_P1003_1B_VISIBLE -DSIGNAL_WITH_VIO_CLOSE -DSIGNALS_DONT_BREAK_READ -DIGNORE_SIGHUP_SIGQUIT   conftest.c >&5
configure:2814: $? = 0
configure:2818: test -z 
			 || test ! -s conftest.err
configure:2821: $? = 0
configure:2824: test -s conftest.o
configure:2827: $? = 0
configure:2845: result: none needed
configure:2863: gcc -c  -DDBUG_OFF -g   -D_P1003_1B_VISIBLE -DSIGNAL_WITH_VIO_CLOSE -DSIGNALS_DONT_BREAK_READ -DIGNORE_SIGHUP_SIGQUIT   conftest.c >&5
conftest.c:2:3: error: unknown type name 'choke'
  choke me
  ^
conftest.c:2:11: error: expected ';' after top level declarator
  choke me
          ^
          ;
2 errors generated.
configure:2869: $? = 1
configure: failed program was:
| #ifndef __cplusplus
|   choke me
| #endif
configure:3013: checking for style of include used by make
configure:3041: result: GNU
configure:3069: checking dependency style of gcc
configure:3159: result: gcc3
configure:3217: checking for ranlib
configure:3233: found /usr/bin/ranlib
configure:3244: result: ranlib
configure:3269: checking for a BSD-compatible install
configure:3324: result: /usr/bin/install -c
configure:3407: checking for a sed that does not truncate output
configure:3461: result: /usr/bin/sed
configure:3464: checking for egrep
configure:3474: result: grep -E
configure:3490: checking for ld used by gcc
configure:3557: result: /Library/Developer/CommandLineTools/usr/bin/ld
configure:3566: checking if the linker (/Library/Developer/CommandLineTools/usr/bin/ld) is GNU ld
configure:3581: result: no
configure:3586: checking for /Library/Developer/CommandLineTools/usr/bin/ld option to reload object files
configure:3593: result: -r
configure:3611: checking for BSD-compatible nm
configure:3660: result: /usr/bin/nm -B
configure:3664: checking whether ln -s works
configure:3668: result: yes
configure:3675: checking how to recognise dependent libraries
configure:3851: result: pass_all
configure:4088: checking how to run the C preprocessor
configure:4123: gcc -E  conftest.c
configure:4129: $? = 0
configure:4161: gcc -E  conftest.c
conftest.c:11:10: fatal error: 'ac_nonexistent.h' file not found
#include <ac_nonexistent.h>
         ^~~~~~~~~~~~~~~~~~
1 error generated.
configure:4167: $? = 1
configure: failed program was:
| /* confdefs.h.  */
| 
| #define PACKAGE_NAME ""
| #define PACKAGE_TARNAME ""
| #define PACKAGE_VERSION ""
| #define PACKAGE_STRING ""
| #define PACKAGE_BUGREPORT ""
| #define PACKAGE "ib"
| #define VERSION "0.90"
| /* end confdefs.h.  */
| #include <ac_nonexistent.h>
configure:4206: result: gcc -E
configure:4230: gcc -E  conftest.c
configure:4236: $? = 0
configure:4268: gcc -E  conftest.c
conftest.c:11:10: fatal error: 'ac_nonexistent.h' file not found
#include <ac_nonexistent.h>
         ^~~~~~~~~~~~~~~~~~
1 error generated.
configure:4274: $? = 1
configure: failed program was:
| /* confdefs.h.  */
| 
| #define PACKAGE_NAME ""
| #define PACKAGE_TARNAME ""
| #define PACKAGE_VERSION ""
| #define PACKAGE_STRING ""
| #define PACKAGE_BUGREPORT ""
| #define PACKAGE "ib"
| #define VERSION "0.90"
| /* end confdefs.h.  */
| #include <ac_nonexistent.h>
configure:4318: checking for ANSI C header files
configure:4343: gcc -c  -DDBUG_OFF -g   -D_P1003_1B_VISIBLE -DSIGNAL_WITH_VIO_CLOSE -DSIGNALS_DONT_BREAK_READ -DIGNORE_SIGHUP_SIGQUIT   conftest.c >&5
configure:4349: $? = 0
configure:4353: test -z 
			 || test ! -s conftest.err
configure:4356: $? = 0
configure:4359: test -s conftest.o
configure:4362: $? = 0
configure:4451: gcc -o conftest  -DDBUG_OFF -g   -D_P1003_1B_VISIBLE -DSIGNAL_WITH_VIO_CLOSE -DSIGNALS_DONT_BREAK_READ -DIGNORE_SIGHUP_SIGQUIT     conftest.c  >&5
conftest.c:28:7: warning: implicitly declaring library function 'exit' with type 'void (int) __attribute__((noreturn))' [-Wimplicit-function-declaration]
      exit(2);
      ^
conftest.c:28:7: note: include the header <stdlib.h> or explicitly provide a declaration for 'exit'
1 warning generated.
configure:4454: $? = 0
configure:4456: ./conftest
configure:4459: $? = 0
configure:4474: result: yes
configure:4498: checking for sys/types.h
configure:4514: gcc -c  -DDBUG_OFF -g   -D_P1003_1B_VISIBLE -DSIGNAL_WITH_VIO_CLOSE -DSIGNALS_DONT_BREAK_READ -DIGNORE_SIGHUP_SIGQUIT   conftest.c >&5
configure:4520: $? = 0
configure:4524: test -z 
			 || test ! -s conftest.err
configure:4527: $? = 0
configure:4530: test -s conftest.o
configure:4533: $? = 0
configure:4544: result: yes
configure:4498: checking for sys/stat.h
configure:4514: gcc -c  -DDBUG_OFF -g   -D_P1003_1B_VISIBLE -DSIGNAL_WITH_VIO_CLOSE -DSIGNALS_DONT_BREAK_READ -DIGNORE_SIGHUP_SIGQUIT   conftest.c >&5
configure:4520: $? = 0
configure:4524: test -z 
			 || test ! -s conftest.err
configure:4527: $? = 0
configure:4530: test -s conftest.o
configure:4533: $? = 0
configure:4544: result: yes
configure:4498: checking for stdlib.h
configure:4514: gcc -c  -DDBUG_OFF -g   -D_P1003_1B_VISIBLE -DSIGNAL_WITH_VIO_CLOSE -DSIGNALS_DONT_BREAK_READ -DIGNORE_SIGHUP_SIGQUIT   conftest.c >&5
configure:4520: $? = 0
configure:4524: test -z 
			 || test ! -s conftest.err
configure:4527: $? = 0
configure:4530: test -s conftest.o
configure:4533: $? = 0
configure:4544: result: yes
configure:4498: checking for string.h
configure:4514: gcc -c  -DDBUG_OFF -g   -D_P1003_1B_VISIBLE -DSIGNAL_WITH_VIO_CLOSE -DSIGNALS_DONT_BREAK_READ -DIGNORE_SIGHUP_SIGQUIT   conftest.c >&5
configure:4520: $? = 0
configure:4524: test -z 
			 || test ! -s conftest.err
configure:4527: $? = 0
configure:4530: test -s conftest.o
configure:4533: $? = 0
configure:4544: result: yes
configure:4498: checking for memory.h
configure:4514: gcc -c  -DDBUG_OFF -g   -D_P1003_1B_VISIBLE -DSIGNAL_WITH_VIO_CLOSE -DSIGNALS_DONT_BREAK_READ -DIGNORE_SIGHUP_SIGQUIT   conftest.c >&5
configure:4520: $? = 0
configure:4524: test -z 
			 || test ! -s conftest.err
configure:4527: $? = 0
configure:4530: test -s conftest.o
configure:4533: $? = 0
configure:4544: result: yes
configure:4498: checking for strings.h
configure:4514: gcc -c  -DDBUG_OFF -g   -D_P1003_1B_VISIBLE -DSIGNAL_WITH_VIO_CLOSE -DSIGNALS_DONT_BREAK_READ -DIGNORE_SIGHUP_SIGQUIT   conftest.c >&5
configure:4520: $? = 0
configure:4524: test -z 
			 || test ! -s conftest.err
configure:4527: $? = 0
configure:4530: test -s conftest.o
configure:4533: $? = 0
configure:4544: result: yes
configure:4498: checking for inttypes.h
configure:4514: gcc -c  -DDBUG_OFF -g   -D_P1003_1B_VISIBLE -DSIGNAL_WITH_VIO_CLOSE -DSIGNALS_DONT_BREAK_READ -DIGNORE_SIGHUP_SIGQUIT   conftest.c >&5
configure:4520: $? = 0
configure:4524: test -z 
			 || test ! -s conftest.err
configure:4527: $? = 0
configure:4530: test -s conftest.o
configure:4533: $? = 0
configure:4544: result: yes
configure:4498: checking for stdint.h
configure:4514: gcc -c  -DDBUG_OFF -g   -D_P1003_1B_VISIBLE -DSIGNAL_WITH_VIO_CLOSE -DSIGNALS_DONT_BREAK_READ -DIGNORE_SIGHUP_SIGQUIT   conftest.c >&5
configure:4520: $? = 0
configure:4524: test -z 
			 || test ! -s conftest.err
configure:4527: $? = 0
configure:4530: test -s conftest.o
configure:4533: $? = 0
configure:4544: result: yes
configure:4498: checking for unistd.h
configure:4514: gcc -c  -DDBUG_OFF -g   -D_P1003_1B_VISIBLE -DSIGNAL_WITH_VIO_CLOSE -DSIGNALS_DONT_BREAK_READ -DIGNORE_SIGHUP_SIGQUIT   conftest.c >&5
configure:4520: $? = 0
configure:4524: test -z 
			 || test ! -s conftest.err
configure:4527: $? = 0
configure:4530: test -s conftest.o
configure:4533: $? = 0
configure:4544: result: yes
configure:4570: checking dlfcn.h usability
configure:4582: gcc -c  -DDBUG_OFF -g   -D_P1003_1B_VISIBLE -DSIGNAL_WITH_VIO_CLOSE -DSIGNALS_DONT_BREAK_READ -DIGNORE_SIGHUP_SIGQUIT   conftest.c >&5
configure:4588: $? = 0
configure:4592: test -z 
			 || test ! -s conftest.err
configure:4595: $? = 0
configure:4598: test -s conftest.o
configure:4601: $? = 0
configure:4611: result: yes
configure:4615: checking dlfcn.h presence
configure:4625: gcc -E  conftest.c
configure:4631: $? = 0
configure:4651: result: yes
configure:4686: checking for dlfcn.h
configure:4693: result: yes
configure:4800: checking for C++ compiler version
configure:4803: g++ --version </dev/null >&5
Configured with: --prefix=/Library/Developer/CommandLineTools/usr --with-gxx-include-dir=/usr/include/c++/4.2.1
Apple LLVM version 9.0.0 (clang-900.0.39.2)
Target: x86_64-apple-darwin16.7.0
Thread model: posix
InstalledDir: /Library/Developer/CommandLineTools/usr/bin
configure:4806: $? = 0
configure:4808: g++ -v </dev/null >&5
Configured with: --prefix=/Library/Developer/CommandLineTools/usr --with-gxx-include-dir=/usr/include/c++/4.2.1
Apple LLVM version 9.0.0 (clang-900.0.39.2)
Target: x86_64-apple-darwin16.7.0
Thread model: posix
InstalledDir: /Library/Developer/CommandLineTools/usr/bin
configure:4811: $? = 0
configure:4813: g++ -V </dev/null >&5
clang: error: argument to '-V' is missing (expected 1 value)
clang: error: no input files
configure:4816: $? = 1
configure:4819: checking whether we are using the GNU C++ compiler
configure:4843: g++ -c -O3 -DDBUG_OFF    -fno-implicit-templates -fno-exceptions -fno-rtti -D_P1003_1B_VISIBLE -DSIGNAL_WITH_VIO_CLOSE -DSIGNALS_DONT_BREAK_READ -DIGNORE_SIGHUP_SIGQUIT   conftest.cc >&5
configure:4849: $? = 0
configure:4853: test -z 
			 || test ! -s conftest.err
configure:4856: $? = 0
configure:4859: test -s conftest.o
configure:4862: $? = 0
configure:4875: result: yes
configure:4881: checking whether g++ accepts -g
configure:4902: g++ -c -g  conftest.cc >&5
configure:4908: $? = 0
configure:4912: test -z 
			 || test ! -s conftest.err
configure:4915: $? = 0
configure:4918: test -s conftest.o
configure:4921: $? = 0
configure:4932: result: yes
configure:4974: g++ -c -O3 -DDBUG_OFF    -fno-implicit-templates -fno-exceptions -fno-rtti -D_P1003_1B_VISIBLE -DSIGNAL_WITH_VIO_CLOSE -DSIGNALS_DONT_BREAK_READ -DIGNORE_SIGHUP_SIGQUIT   conftest.cc >&5
configure:4980: $? = 0
configure:4984: test -z 
			 || test ! -s conftest.err
configure:4987: $? = 0
configure:4990: test -s conftest.o
configure:4993: $? = 0
configure:5019: g++ -c -O3 -DDBUG_OFF    -fno-implicit-templates -fno-exceptions -fno-rtti -D_P1003_1B_VISIBLE -DSIGNAL_WITH_VIO_CLOSE -DSIGNALS_DONT_BREAK_READ -DIGNORE_SIGHUP_SIGQUIT   conftest.cc >&5
conftest.cc:26:1: error: use of undeclared identifier 'exit'
exit (42);
^
1 error generated.
configure:5025: $? = 1
configure: failed program was:
| /* confdefs.h.  */
| 
| #define PACKAGE_NAME ""
| #define PACKAGE_TARNAME ""
| #define PACKAGE_VERSION ""
| #define PACKAGE_STRING ""
| #define PACKAGE_BUGREPORT ""
| #define PACKAGE "ib"
| #define VERSION "0.90"
| #define STDC_HEADERS 1
| #define HAVE_SYS_TYPES_H 1
| #define HAVE_SYS_STAT_H 1
| #define HAVE_STDLIB_H 1
| #define HAVE_STRING_H 1
| #define HAVE_MEMORY_H 1
| #define HAVE_STRINGS_H 1
| #define HAVE_INTTYPES_H 1
| #define HAVE_STDINT_H 1
| #define HAVE_UNISTD_H 1
| #define HAVE_DLFCN_H 1
| /* end confdefs.h.  */
| 
| int
| main ()
| {
| exit (42);
|   ;
|   return 0;
| }
configure:4974: g++ -c -O3 -DDBUG_OFF    -fno-implicit-templates -fno-exceptions -fno-rtti -D_P1003_1B_VISIBLE -DSIGNAL_WITH_VIO_CLOSE -DSIGNALS_DONT_BREAK_READ -DIGNORE_SIGHUP_SIGQUIT   conftest.cc >&5
conftest.cc:22:17: error: use of undeclared identifier 'std'
extern "C" void std::exit (int) throw (); using std::exit;
                ^
conftest.cc:22:49: error: use of undeclared identifier 'std'
extern "C" void std::exit (int) throw (); using std::exit;
                                                ^
2 errors generated.
configure:4980: $? = 1
configure: failed program was:
| /* confdefs.h.  */
| 
| #define PACKAGE_NAME ""
| #define PACKAGE_TARNAME ""
| #define PACKAGE_VERSION ""
| #define PACKAGE_STRING ""
| #define PACKAGE_BUGREPORT ""
| #define PACKAGE "ib"
| #define VERSION "0.90"
| #define STDC_HEADERS 1
| #define HAVE_SYS_TYPES_H 1
| #define HAVE_SYS_STAT_H 1
| #define HAVE_STDLIB_H 1
| #define HAVE_STRING_H 1
| #define HAVE_MEMORY_H 1
| #define HAVE_STRINGS_H 1
| #define HAVE_INTTYPES_H 1
| #define HAVE_STDINT_H 1
| #define HAVE_UNISTD_H 1
| #define HAVE_DLFCN_H 1
| /* end confdefs.h.  */
| extern "C" void std::exit (int) throw (); using std::exit;
| #include <stdlib.h>
| int
| main ()
| {
| exit (42);
|   ;
|   return 0;
| }
configure:4974: g++ -c -O3 -DDBUG_OFF    -fno-implicit-templates -fno-exceptions -fno-rtti -D_P1003_1B_VISIBLE -DSIGNAL_WITH_VIO_CLOSE -DSIGNALS_DONT_BREAK_READ -DIGNORE_SIGHUP_SIGQUIT   conftest.cc >&5
conftest.cc:22:17: error: use of undeclared identifier 'std'
extern "C" void std::exit (int); using std::exit;
                ^
conftest.cc:22:40: error: use of undeclared identifier 'std'
extern "C" void std::exit (int); using std::exit;
                                       ^
2 errors generated.
configure:4980: $? = 1
configure: failed program was:
| /* confdefs.h.  */
| 
| #define PACKAGE_NAME ""
| #define PACKAGE_TARNAME ""
| #define PACKAGE_VERSION ""
| #define PACKAGE_STRING ""
| #define PACKAGE_BUGREPORT ""
| #define PACKAGE "ib"
| #define VERSION "0.90"
| #define STDC_HEADERS 1
| #define HAVE_SYS_TYPES_H 1
| #define HAVE_SYS_STAT_H 1
| #define HAVE_STDLIB_H 1
| #define HAVE_STRING_H 1
| #define HAVE_MEMORY_H 1
| #define HAVE_STRINGS_H 1
| #define HAVE_INTTYPES_H 1
| #define HAVE_STDINT_H 1
| #define HAVE_UNISTD_H 1
| #define HAVE_DLFCN_H 1
| /* end confdefs.h.  */
| extern "C" void std::exit (int); using std::exit;
| #include <stdlib.h>
| int
| main ()
| {
| exit (42);
|   ;
|   return 0;
| }
configure:4974: g++ -c -O3 -DDBUG_OFF    -fno-implicit-templates -fno-exceptions -fno-rtti -D_P1003_1B_VISIBLE -DSIGNAL_WITH_VIO_CLOSE -DSIGNALS_DONT_BREAK_READ -DIGNORE_SIGHUP_SIGQUIT   conftest.cc >&5
configure:4980: $? = 0
configure:4984: test -z 
			 || test ! -s conftest.err
configure:4987: $? = 0
configure:4990: test -s conftest.o
configure:4993: $? = 0
configure:5019: g++ -c -O3 -DDBUG_OFF    -fno-implicit-templates -fno-exceptions -fno-rtti -D_P1003_1B_VISIBLE -DSIGNAL_WITH_VIO_CLOSE -DSIGNALS_DONT_BREAK_READ -DIGNORE_SIGHUP_SIGQUIT   conftest.cc >&5
configure:5025: $? = 0
configure:5029: test -z 
			 || test ! -s conftest.err
configure:5032: $? = 0
configure:5035: test -s conftest.o
configure:5038: $? = 0
configure:5063: checking dependency style of g++
configure:5153: result: gcc3
configure:5180: checking how to run the C++ preprocessor
configure:5211: g++ -E  conftest.cc
configure:5217: $? = 0
configure:5249: g++ -E  conftest.cc
conftest.cc:25:10: fatal error: 'ac_nonexistent.h' file not found
#include <ac_nonexistent.h>
         ^~~~~~~~~~~~~~~~~~
1 error generated.
configure:5255: $? = 1
configure: failed program was:
| /* confdefs.h.  */
| 
| #define PACKAGE_NAME ""
| #define PACKAGE_TARNAME ""
| #define PACKAGE_VERSION ""
| #define PACKAGE_STRING ""
| #define PACKAGE_BUGREPORT ""
| #define PACKAGE "ib"
| #define VERSION "0.90"
| #define STDC_HEADERS 1
| #define HAVE_SYS_TYPES_H 1
| #define HAVE_SYS_STAT_H 1
| #define HAVE_STDLIB_H 1
| #define HAVE_STRING_H 1
| #define HAVE_MEMORY_H 1
| #define HAVE_STRINGS_H 1
| #define HAVE_INTTYPES_H 1
| #define HAVE_STDINT_H 1
| #define HAVE_UNISTD_H 1
| #define HAVE_DLFCN_H 1
| #ifdef __cplusplus
| extern "C" void exit (int) throw ();
| #endif
| /* end confdefs.h.  */
| #include <ac_nonexistent.h>
configure:5294: result: g++ -E
configure:5318: g++ -E  conftest.cc
configure:5324: $? = 0
configure:5356: g++ -E  conftest.cc
conftest.cc:25:10: fatal error: 'ac_nonexistent.h' file not found
#include <ac_nonexistent.h>
         ^~~~~~~~~~~~~~~~~~
1 error generated.
configure:5362: $? = 1
configure: failed program was:
| /* confdefs.h.  */
| 
| #define PACKAGE_NAME ""
| #define PACKAGE_TARNAME ""
| #define PACKAGE_VERSION ""
| #define PACKAGE_STRING ""
| #define PACKAGE_BUGREPORT ""
| #define PACKAGE "ib"
| #define VERSION "0.90"
| #define STDC_HEADERS 1
| #define HAVE_SYS_TYPES_H 1
| #define HAVE_SYS_STAT_H 1
| #define HAVE_STDLIB_H 1
| #define HAVE_STRING_H 1
| #define HAVE_MEMORY_H 1
| #define HAVE_STRINGS_H 1
| #define HAVE_INTTYPES_H 1
| #define HAVE_STDINT_H 1
| #define HAVE_UNISTD_H 1
| #define HAVE_DLFCN_H 1
| #ifdef __cplusplus
| extern "C" void exit (int) throw ();
| #endif
| /* end confdefs.h.  */
| #include <ac_nonexistent.h>
configure:5459: checking for g77
configure:5488: result: no
configure:5459: checking for f77
configure:5488: result: no
configure:5459: checking for xlf
configure:5488: result: no
configure:5459: checking for frt
configure:5488: result: no
configure:5459: checking for pgf77
configure:5488: result: no
configure:5459: checking for fort77
configure:5488: result: no
configure:5459: checking for fl32
configure:5488: result: no
configure:5459: checking for af77
configure:5488: result: no
configure:5459: checking for f90
configure:5488: result: no
configure:5459: checking for xlf90
configure:5488: result: no
configure:5459: checking for pgf90
configure:5488: result: no
configure:5459: checking for epcf90
configure:5488: result: no
configure:5459: checking for f95
configure:5488: result: no
configure:5459: checking for fort
configure:5488: result: no
configure:5459: checking for xlf95
configure:5488: result: no
configure:5459: checking for ifc
configure:5488: result: no
configure:5459: checking for efc
configure:5488: result: no
configure:5459: checking for pgf95
configure:5488: result: no
configure:5459: checking for lf95
configure:5488: result: no
configure:5459: checking for gfortran
configure:5488: result: no
configure:5500: checking for Fortran 77 compiler version
configure:5503:  --version </dev/null >&5
./configure: line 5504: --version: command not found
configure:5506: $? = 127
configure:5508:  -v </dev/null >&5
./configure: line 5509: -v: command not found
configure:5511: $? = 127
configure:5513:  -V </dev/null >&5
./configure: line 5514: -V: command not found
configure:5516: $? = 127
configure:5524: checking whether we are using the GNU Fortran 77 compiler
configure:5538:  -c  conftest.F >&5
./configure: line 5539: -c: command not found
configure:5544: $? = 127
configure: failed program was:
|       program main
| #ifndef __GNUC__
|        choke me
| #endif
| 
|       end
configure:5570: result: no
configure:5576: checking whether  accepts -g
configure:5588:  -c -g conftest.f >&5
./configure: line 5589: -c: command not found
configure:5594: $? = 127
configure: failed program was:
|       program main
| 
|       end
configure:5619: result: no
configure:5649: checking the maximum length of command line arguments
configure:5758: result: 196608
configure:5769: checking command to parse /usr/bin/nm -B output from gcc object
configure:5874: gcc -c  -DDBUG_OFF -g   -D_P1003_1B_VISIBLE -DSIGNAL_WITH_VIO_CLOSE -DSIGNALS_DONT_BREAK_READ -DIGNORE_SIGHUP_SIGQUIT   conftest.c >&5
configure:5877: $? = 0
configure:5881: /usr/bin/nm -B conftest.o \| sed -n -e 's/^.*[ 	]\([BCDEGRST][BCDEGRST]*\)[ 	][ 	]*\([_A-Za-z][_A-Za-z0-9]*\)$/\1 \2 \2/p' \> conftest.nm
configure:5884: $? = 0
cannot find nm_test_var in conftest.nm
configure:5874: gcc -c  -DDBUG_OFF -g   -D_P1003_1B_VISIBLE -DSIGNAL_WITH_VIO_CLOSE -DSIGNALS_DONT_BREAK_READ -DIGNORE_SIGHUP_SIGQUIT   conftest.c >&5
configure:5877: $? = 0
configure:5881: /usr/bin/nm -B conftest.o \| sed -n -e 's/^.*[ 	]\([BCDEGRST][BCDEGRST]*\)[ 	][ 	]*_\([_A-Za-z][_A-Za-z0-9]*\)$/\1 _\2 \2/p' \> conftest.nm
configure:5884: $? = 0
configure:5936: gcc -o conftest  -DDBUG_OFF -g   -D_P1003_1B_VISIBLE -DSIGNAL_WITH_VIO_CLOSE -DSIGNALS_DONT_BREAK_READ -DIGNORE_SIGHUP_SIGQUIT     conftest.c conftstm.o >&5
warning: (x86_64)  could not find object file symbol for symbol _main
configure:5939: $? = 0
configure:5977: result: ok
configure:5981: checking for objdir
configure:5996: result: .libs
configure:6086: checking for ar
configure:6113: result: ar
configure:6166: checking for ranlib
configure:6193: result: ranlib
configure:6246: checking for strip
configure:6262: found /usr/bin/strip
configure:6273: result: strip
configure:6545: checking if gcc supports -fno-rtti -fno-exceptions
configure:6563: gcc -c  -DDBUG_OFF -g   -D_P1003_1B_VISIBLE -DSIGNAL_WITH_VIO_CLOSE -DSIGNALS_DONT_BREAK_READ -DIGNORE_SIGHUP_SIGQUIT   -fno-rtti -fno-exceptions conftest.c >&5
configure:6567: $? = 0
configure:6580: result: yes
configure:6595: checking for gcc option to produce PIC
configure:6805: result: -fno-common
configure:6813: checking if gcc PIC flag -fno-common works
configure:6831: gcc -c  -DDBUG_OFF -g   -D_P1003_1B_VISIBLE -DSIGNAL_WITH_VIO_CLOSE -DSIGNALS_DONT_BREAK_READ -DIGNORE_SIGHUP_SIGQUIT   -fno-common -DPIC conftest.c >&5
configure:6835: $? = 0
configure:6848: result: yes
configure:6876: checking if gcc static flag -static works
configure:6904: result: no
configure:6914: checking if gcc supports -c -o file.o
configure:6935: gcc -c  -DDBUG_OFF -g   -D_P1003_1B_VISIBLE -DSIGNAL_WITH_VIO_CLOSE -DSIGNALS_DONT_BREAK_READ -DIGNORE_SIGHUP_SIGQUIT   -o out/conftest2.o conftest.c >&5
configure:6939: $? = 0
configure:6961: result: yes
configure:6987: checking whether the gcc linker (/Library/Developer/CommandLineTools/usr/bin/ld) supports shared libraries
configure:7945: result: yes
configure:8012: checking dynamic linker characteristics
configure:8621: result: darwin16.7.0 dyld
configure:8630: checking how to hardcode library paths into programs
configure:8655: result: immediate
configure:8669: checking whether stripping libraries is possible
configure:8682: result: yes
configure:9508: checking if libtool supports shared libraries
configure:9510: result: yes
configure:9513: checking whether to build shared libraries
configure:9534: result: yes
configure:9537: checking whether to build static libraries
configure:9541: result: yes
configure:9633: creating libtool
configure:10221: checking for ld used by g++
configure:10288: result: /Library/Developer/CommandLineTools/usr/bin/ld
configure:10297: checking if the linker (/Library/Developer/CommandLineTools/usr/bin/ld) is GNU ld
configure:10312: result: no
configure:10363: checking whether the g++ linker (/Library/Developer/CommandLineTools/usr/bin/ld) supports shared libraries
configure:11301: result: yes
configure:11319: g++ -c -O3 -DDBUG_OFF    -fno-implicit-templates -fno-exceptions -fno-rtti -D_P1003_1B_VISIBLE -DSIGNAL_WITH_VIO_CLOSE -DSIGNALS_DONT_BREAK_READ -DIGNORE_SIGHUP_SIGQUIT   conftest.cpp >&5
configure:11322: $? = 0
configure:11441: checking for g++ option to produce PIC
configure:11715: result: -fno-common
configure:11723: checking if g++ PIC flag -fno-common works
configure:11741: g++ -c -O3 -DDBUG_OFF    -fno-implicit-templates -fno-exceptions -fno-rtti -D_P1003_1B_VISIBLE -DSIGNAL_WITH_VIO_CLOSE -DSIGNALS_DONT_BREAK_READ -DIGNORE_SIGHUP_SIGQUIT   -fno-common -DPIC conftest.cpp >&5
configure:11745: $? = 0
configure:11758: result: yes
configure:11786: checking if g++ static flag -static works
configure:11814: result: no
configure:11824: checking if g++ supports -c -o file.o
configure:11845: g++ -c -O3 -DDBUG_OFF    -fno-implicit-templates -fno-exceptions -fno-rtti -D_P1003_1B_VISIBLE -DSIGNAL_WITH_VIO_CLOSE -DSIGNALS_DONT_BREAK_READ -DIGNORE_SIGHUP_SIGQUIT   -o out/conftest2.o conftest.cpp >&5
configure:11849: $? = 0
configure:11871: result: yes
configure:11897: checking whether the g++ linker (/Library/Developer/CommandLineTools/usr/bin/ld) supports shared libraries
configure:11922: result: yes
configure:11989: checking dynamic linker characteristics
configure:12598: result: darwin16.7.0 dyld
configure:12607: checking how to hardcode library paths into programs
configure:12632: result: immediate
configure:18839: checking aio.h usability
configure:18851: gcc -c  -DDBUG_OFF -g   -D_P1003_1B_VISIBLE -DSIGNAL_WITH_VIO_CLOSE -DSIGNALS_DONT_BREAK_READ -DIGNORE_SIGHUP_SIGQUIT   conftest.c >&5
configure:18857: $? = 0
configure:18861: test -z 
			 || test ! -s conftest.err
configure:18864: $? = 0
configure:18867: test -s conftest.o
configure:18870: $? = 0
configure:18880: result: yes
configure:18884: checking aio.h presence
configure:18894: gcc -E  conftest.c
configure:18900: $? = 0
configure:18920: result: yes
configure:18955: checking for aio.h
configure:18962: result: yes
configure:18839: checking sched.h usability
configure:18851: gcc -c  -DDBUG_OFF -g   -D_P1003_1B_VISIBLE -DSIGNAL_WITH_VIO_CLOSE -DSIGNALS_DONT_BREAK_READ -DIGNORE_SIGHUP_SIGQUIT   conftest.c >&5
configure:18857: $? = 0
configure:18861: test -z 
			 || test ! -s conftest.err
configure:18864: $? = 0
configure:18867: test -s conftest.o
configure:18870: $? = 0
configure:18880: result: yes
configure:18884: checking sched.h presence
configure:18894: gcc -E  conftest.c
configure:18900: $? = 0
configure:18920: result: yes
configure:18955: checking for sched.h
configure:18962: result: yes
configure:18975: checking for int
configure:18999: gcc -c  -DDBUG_OFF -g   -D_P1003_1B_VISIBLE -DSIGNAL_WITH_VIO_CLOSE -DSIGNALS_DONT_BREAK_READ -DIGNORE_SIGHUP_SIGQUIT   conftest.c >&5
configure:19005: $? = 0
configure:19009: test -z 
			 || test ! -s conftest.err
configure:19012: $? = 0
configure:19015: test -s conftest.o
configure:19018: $? = 0
configure:19029: result: yes
configure:19032: checking size of int
configure:19351: gcc -o conftest  -DDBUG_OFF -g   -D_P1003_1B_VISIBLE -DSIGNAL_WITH_VIO_CLOSE -DSIGNALS_DONT_BREAK_READ -DIGNORE_SIGHUP_SIGQUIT     conftest.c  >&5
configure:19354: $? = 0
configure:19356: ./conftest
configure:19359: $? = 0
configure:19382: result: 4
configure:19389: checking for long
configure:19413: gcc -c  -DDBUG_OFF -g   -D_P1003_1B_VISIBLE -DSIGNAL_WITH_VIO_CLOSE -DSIGNALS_DONT_BREAK_READ -DIGNORE_SIGHUP_SIGQUIT   conftest.c >&5
configure:19419: $? = 0
configure:19423: test -z 
			 || test ! -s conftest.err
configure:19426: $? = 0
configure:19429: test -s conftest.o
configure:19432: $? = 0
configure:19443: result: yes
configure:19446: checking size of long
configure:19765: gcc -o conftest  -DDBUG_OFF -g   -D_P1003_1B_VISIBLE -DSIGNAL_WITH_VIO_CLOSE -DSIGNALS_DONT_BREAK_READ -DIGNORE_SIGHUP_SIGQUIT     conftest.c  >&5
configure:19768: $? = 0
configure:19770: ./conftest
configure:19773: $? = 0
configure:19796: result: 8
configure:19803: checking for void*
configure:19827: gcc -c  -DDBUG_OFF -g   -D_P1003_1B_VISIBLE -DSIGNAL_WITH_VIO_CLOSE -DSIGNALS_DONT_BREAK_READ -DIGNORE_SIGHUP_SIGQUIT   conftest.c >&5
configure:19833: $? = 0
configure:19837: test -z 
			 || test ! -s conftest.err
configure:19840: $? = 0
configure:19843: test -s conftest.o
configure:19846: $? = 0
configure:19857: result: yes
configure:19860: checking size of void*
configure:20179: gcc -o conftest  -DDBUG_OFF -g   -D_P1003_1B_VISIBLE -DSIGNAL_WITH_VIO_CLOSE -DSIGNALS_DONT_BREAK_READ -DIGNORE_SIGHUP_SIGQUIT     conftest.c  >&5
configure:20182: $? = 0
configure:20184: ./conftest
configure:20187: $? = 0
configure:20210: result: 8
configure:20221: checking for sched_yield
configure:20278: gcc -o conftest  -DDBUG_OFF -g   -D_P1003_1B_VISIBLE -DSIGNAL_WITH_VIO_CLOSE -DSIGNALS_DONT_BREAK_READ -DIGNORE_SIGHUP_SIGQUIT     conftest.c  >&5
configure:20284: $? = 0
configure:20288: test -z 
			 || test ! -s conftest.err
configure:20291: $? = 0
configure:20294: test -s conftest
configure:20297: $? = 0
configure:20309: result: yes
configure:20323: checking for fdatasync
configure:20380: gcc -o conftest  -DDBUG_OFF -g   -D_P1003_1B_VISIBLE -DSIGNAL_WITH_VIO_CLOSE -DSIGNALS_DONT_BREAK_READ -DIGNORE_SIGHUP_SIGQUIT     conftest.c  >&5
configure:20386: $? = 0
configure:20390: test -z 
			 || test ! -s conftest.err
configure:20393: $? = 0
configure:20396: test -s conftest
configure:20399: $? = 0
configure:20411: result: yes
configure:20425: checking for localtime_r
configure:20482: gcc -o conftest  -DDBUG_OFF -g   -D_P1003_1B_VISIBLE -DSIGNAL_WITH_VIO_CLOSE -DSIGNALS_DONT_BREAK_READ -DIGNORE_SIGHUP_SIGQUIT     conftest.c  >&5
configure:20488: $? = 0
configure:20492: test -z 
			 || test ! -s conftest.err
configure:20495: $? = 0
configure:20498: test -s conftest
configure:20501: $? = 0
configure:20513: result: yes
configure:20526: checking whether byte ordering is bigendian
configure:20553: gcc -c  -DDBUG_OFF -g   -D_P1003_1B_VISIBLE -DSIGNAL_WITH_VIO_CLOSE -DSIGNALS_DONT_BREAK_READ -DIGNORE_SIGHUP_SIGQUIT   conftest.c >&5
configure:20559: $? = 0
configure:20563: test -z 
			 || test ! -s conftest.err
configure:20566: $? = 0
configure:20569: test -s conftest.o
configure:20572: $? = 0
configure:20596: gcc -c  -DDBUG_OFF -g   -D_P1003_1B_VISIBLE -DSIGNAL_WITH_VIO_CLOSE -DSIGNALS_DONT_BREAK_READ -DIGNORE_SIGHUP_SIGQUIT   conftest.c >&5
conftest.c:40:2: error: use of undeclared identifier 'not'
 not big endian
 ^
1 error generated.
configure:20602: $? = 1
configure: failed program was:
| /* confdefs.h.  */
| 
| #define PACKAGE_NAME ""
| #define PACKAGE_TARNAME ""
| #define PACKAGE_VERSION ""
| #define PACKAGE_STRING ""
| #define PACKAGE_BUGREPORT ""
| #define PACKAGE "ib"
| #define VERSION "0.90"
| #define STDC_HEADERS 1
| #define HAVE_SYS_TYPES_H 1
| #define HAVE_SYS_STAT_H 1
| #define HAVE_STDLIB_H 1
| #define HAVE_STRING_H 1
| #define HAVE_MEMORY_H 1
| #define HAVE_STRINGS_H 1
| #define HAVE_INTTYPES_H 1
| #define HAVE_STDINT_H 1
| #define HAVE_UNISTD_H 1
| #define HAVE_DLFCN_H 1
| #ifdef __cplusplus
| extern "C" void exit (int) throw ();
| #endif
| #define HAVE_AIO_H 1
| #define HAVE_SCHED_H 1
| #define SIZEOF_INT 4
| #define SIZEOF_LONG 8
| #define SIZEOF_VOIDP 8
| #define HAVE_SCHED_YIELD 1
| #define HAVE_FDATASYNC 1
| #define HAVE_LOCALTIME_R 1
| /* end confdefs.h.  */
| #include <sys/types.h>
| #include <sys/param.h>
| 
| int
| main ()
| {
| #if BYTE_ORDER != BIG_ENDIAN
|  not big endian
| #endif
| 
|   ;
|   return 0;
| }
configure:20737: result: no
configure:20964: creating ./config.status

## ---------------------- ##
## Running config.status. ##
## ---------------------- ##

This file was extended by config.status, which was
generated by GNU Autoconf 2.59.  Invocation command line was

  CONFIG_FILES    = 
  CONFIG_HEADERS  = 
  CONFIG_LINKS    = 
  CONFIG_COMMANDS = 
  $ ./config.status 

on wisehead

config.status:752: creating Makefile
config.status:752: creating os/Makefile
config.status:752: creating ut/Makefile
config.status:752: creating btr/Makefile
config.status:752: creating buf/Makefile
config.status:752: creating data/Makefile
config.status:752: creating dict/Makefile
config.status:752: creating dyn/Makefile
config.status:752: creating eval/Makefile
config.status:752: creating fil/Makefile
config.status:752: creating fsp/Makefile
config.status:752: creating fut/Makefile
config.status:752: creating ha/Makefile
config.status:752: creating ibuf/Makefile
config.status:752: creating include/Makefile
config.status:752: creating lock/Makefile
config.status:752: creating log/Makefile
config.status:752: creating mach/Makefile
config.status:752: creating mem/Makefile
config.status:752: creating mtr/Makefile
config.status:752: creating page/Makefile
config.status:752: creating pars/Makefile
config.status:752: creating que/Makefile
config.status:752: creating read/Makefile
config.status:752: creating rem/Makefile
config.status:752: creating row/Makefile
config.status:752: creating srv/Makefile
config.status:752: creating sync/Makefile
config.status:752: creating thr/Makefile
config.status:752: creating trx/Makefile
config.status:752: creating usr/Makefile
config.status:856: creating ib_config.h
config.status:1160: executing depfiles commands

## ---------------- ##
## Cache variables. ##
## ---------------- ##

ac_cv_build=i686-apple-darwin16.7.0
ac_cv_build_alias=i686-apple-darwin16.7.0
ac_cv_c_bigendian=no
ac_cv_c_compiler_gnu=yes
ac_cv_cxx_compiler_gnu=yes
ac_cv_env_CC_set=set
ac_cv_env_CC_value=gcc
ac_cv_env_CFLAGS_set=set
ac_cv_env_CFLAGS_value=' -DDBUG_OFF -g   -D_P1003_1B_VISIBLE -DSIGNAL_WITH_VIO_CLOSE -DSIGNALS_DONT_BREAK_READ -DIGNORE_SIGHUP_SIGQUIT'
ac_cv_env_CPPFLAGS_set=
ac_cv_env_CPPFLAGS_value=
ac_cv_env_CPP_set=
ac_cv_env_CPP_value=
ac_cv_env_CXXCPP_set=
ac_cv_env_CXXCPP_value=
ac_cv_env_CXXFLAGS_set=set
ac_cv_env_CXXFLAGS_value='-O3 -DDBUG_OFF    -fno-implicit-templates -fno-exceptions -fno-rtti -D_P1003_1B_VISIBLE -DSIGNAL_WITH_VIO_CLOSE -DSIGNALS_DONT_BREAK_READ -DIGNORE_SIGHUP_SIGQUIT'
ac_cv_env_CXX_set=set
ac_cv_env_CXX_value=g++
ac_cv_env_F77_set=
ac_cv_env_F77_value=
ac_cv_env_FFLAGS_set=
ac_cv_env_FFLAGS_value=
ac_cv_env_LDFLAGS_set=set
ac_cv_env_LDFLAGS_value=' '
ac_cv_env_build_alias_set=
ac_cv_env_build_alias_value=
ac_cv_env_host_alias_set=
ac_cv_env_host_alias_value=
ac_cv_env_target_alias_set=
ac_cv_env_target_alias_value=
ac_cv_exeext=
ac_cv_f77_compiler_gnu=no
ac_cv_func_fdatasync=yes
ac_cv_func_localtime_r=yes
ac_cv_func_sched_yield=yes
ac_cv_header_aio_h=yes
ac_cv_header_dlfcn_h=yes
ac_cv_header_inttypes_h=yes
ac_cv_header_memory_h=yes
ac_cv_header_sched_h=yes
ac_cv_header_stdc=yes
ac_cv_header_stdint_h=yes
ac_cv_header_stdlib_h=yes
ac_cv_header_string_h=yes
ac_cv_header_strings_h=yes
ac_cv_header_sys_stat_h=yes
ac_cv_header_sys_types_h=yes
ac_cv_header_unistd_h=yes
ac_cv_host=i686-apple-darwin16.7.0
ac_cv_host_alias=i686-apple-darwin16.7.0
ac_cv_objext=o
ac_cv_path_install='/usr/bin/install -c'
ac_cv_prog_AWK=awk
ac_cv_prog_CPP='gcc -E'
ac_cv_prog_CXXCPP='g++ -E'
ac_cv_prog_ac_ct_AR=ar
ac_cv_prog_ac_ct_CC=gcc
ac_cv_prog_ac_ct_RANLIB=ranlib
ac_cv_prog_ac_ct_STRIP=strip
ac_cv_prog_cc_g=yes
ac_cv_prog_cc_stdc=
ac_cv_prog_cxx_g=yes
ac_cv_prog_egrep='grep -E'
ac_cv_prog_f77_g=no
ac_cv_prog_make_make_set=yes
ac_cv_sizeof_int=4
ac_cv_sizeof_long=8
ac_cv_sizeof_voidp=8
ac_cv_target=i686-apple-darwin16.7.0
ac_cv_target_alias=i686-apple-darwin16.7.0
ac_cv_type_int=yes
ac_cv_type_long=yes
ac_cv_type_voidp=yes
am_cv_CC_dependencies_compiler_type=gcc3
am_cv_CXX_dependencies_compiler_type=gcc3
lt_cv_deplibs_check_method=pass_all
lt_cv_file_magic_cmd='$MAGIC_CMD'
lt_cv_file_magic_test_file=
lt_cv_ld_reload_flag=-r
lt_cv_objdir=.libs
lt_cv_path_LD=/Library/Developer/CommandLineTools/usr/bin/ld
lt_cv_path_LDCXX=/Library/Developer/CommandLineTools/usr/bin/ld
lt_cv_path_NM='/usr/bin/nm -B'
lt_cv_path_SED=/usr/bin/sed
lt_cv_prog_compiler_c_o=yes
lt_cv_prog_compiler_c_o_CXX=yes
lt_cv_prog_compiler_rtti_exceptions=yes
lt_cv_prog_gnu_ld=no
lt_cv_prog_gnu_ldcxx=no
lt_cv_sys_global_symbol_pipe='sed -n -e '\''s/^.*[ 	]\([BCDEGRST][BCDEGRST]*\)[ 	][ 	]*_\([_A-Za-z][_A-Za-z0-9]*\)$/\1 _\2 \2/p'\'''
lt_cv_sys_global_symbol_to_c_name_address='sed -n -e '\''s/^: \([^ ]*\) $/  {\"\1\", (lt_ptr) 0},/p'\'' -e '\''s/^[BCDEGRST] \([^ ]*\) \([^ ]*\)$/  {"\2", (lt_ptr) \&\2},/p'\'''
lt_cv_sys_global_symbol_to_cdecl='sed -n -e '\''s/^. .* \(.*\)$/extern int \1;/p'\'''
lt_cv_sys_max_cmd_len=196608
lt_lt_cv_prog_compiler_c_o='"yes"'
lt_lt_cv_prog_compiler_c_o_CXX='"yes"'
lt_lt_cv_sys_global_symbol_pipe='"sed -n -e '\''s/^.*[ 	]\\([BCDEGRST][BCDEGRST]*\\)[ 	][ 	]*_\\([_A-Za-z][_A-Za-z0-9]*\\)\$/\\1 _\\2 \\2/p'\''"'
lt_lt_cv_sys_global_symbol_to_c_name_address='"sed -n -e '\''s/^: \\([^ ]*\\) \$/  {\\\"\\1\\\", (lt_ptr) 0},/p'\'' -e '\''s/^[BCDEGRST] \\([^ ]*\\) \\([^ ]*\\)\$/  {\"\\2\", (lt_ptr) \\&\\2},/p'\''"'
lt_lt_cv_sys_global_symbol_to_cdecl='"sed -n -e '\''s/^. .* \\(.*\\)\$/extern int \\1;/p'\''"'

## ----------------- ##
## Output variables. ##
## ----------------- ##

ACLOCAL='${SHELL} /Users/chenhui13/github/mysql_tools/ibd_recovery_with_frm/percona-data-recovery-tool-for-innodb-0.5/mysql-source/missing --run aclocal-1.9'
AMDEPBACKSLASH='\'
AMDEP_FALSE='#'
AMDEP_TRUE=''
AMTAR='${SHELL} /Users/chenhui13/github/mysql_tools/ibd_recovery_with_frm/percona-data-recovery-tool-for-innodb-0.5/mysql-source/missing --run tar'
AR='ar'
ARFLAGS='cru'
AUTOCONF='${SHELL} /Users/chenhui13/github/mysql_tools/ibd_recovery_with_frm/percona-data-recovery-tool-for-innodb-0.5/mysql-source/missing --run autoconf'
AUTOHEADER='${SHELL} /Users/chenhui13/github/mysql_tools/ibd_recovery_with_frm/percona-data-recovery-tool-for-innodb-0.5/mysql-source/missing --run autoheader'
AUTOMAKE='${SHELL} /Users/chenhui13/github/mysql_tools/ibd_recovery_with_frm/percona-data-recovery-tool-for-innodb-0.5/mysql-source/missing --run automake-1.9'
AWK='awk'
CC='gcc'
CCDEPMODE='depmode=gcc3'
CFLAGS=' -DDBUG_OFF  -DDBUG_OFF -g   -D_P1003_1B_VISIBLE -DSIGNAL_WITH_VIO_CLOSE -DSIGNALS_DONT_BREAK_READ -DIGNORE_SIGHUP_SIGQUIT  -DDEBUG_OFF -DUNIV_INTEL_X86'
CPP='gcc -E'
CPPFLAGS=''
CXX='g++'
CXXCPP='g++ -E'
CXXDEPMODE='depmode=gcc3'
CXXFLAGS='-O3 -DDBUG_OFF -O3 -DDBUG_OFF    -fno-implicit-templates -fno-exceptions -fno-rtti -D_P1003_1B_VISIBLE -DSIGNAL_WITH_VIO_CLOSE -DSIGNALS_DONT_BREAK_READ -DIGNORE_SIGHUP_SIGQUIT  -DDEBUG_OFF'
CYGPATH_W='echo'
DEFS='-DHAVE_CONFIG_H'
DEPDIR='.deps'
ECHO='/bin/echo'
ECHO_C='ECHO_N=''
ECHO_T=''
EGREP='grep -E'
EXEEXT=''
F77=''
FFLAGS=''
INSTALL_DATA='${INSTALL} -m 644'
INSTALL_PROGRAM='${INSTALL}'
INSTALL_SCRIPT='${INSTALL}'
INSTALL_STRIP_PROGRAM='${SHELL} $(install_sh) -c -s'
LDFLAGS=' '
LIBOBJS=''
LIBS=''
LIBTOOL='$(SHELL) $(top_builddir)/libtool'
LN_S='ln -s'
LTLIBOBJS=''
MAINT='#'
MAINTAINER_MODE_FALSE=''
MAINTAINER_MODE_TRUE='#'
MAKEINFO='${SHELL} /Users/chenhui13/github/mysql_tools/ibd_recovery_with_frm/percona-data-recovery-tool-for-innodb-0.5/mysql-source/missing --run makeinfo'
OBJEXT='o'
PACKAGE='ib'
PACKAGE_BUGREPORT=''
PACKAGE_NAME=''
PACKAGE_STRING=''
PACKAGE_TARNAME=''
PACKAGE_VERSION=''
PATH_SEPARATOR=':'
RANLIB='ranlib'
SET_MAKE=''
SHELL='/bin/sh'
STRIP='strip'
VERSION='0.90'
ac_ct_AR='ar'
ac_ct_CC='gcc'
ac_ct_CXX=''
ac_ct_F77=''
ac_ct_RANLIB='ranlib'
ac_ct_STRIP='strip'
am__fastdepCC_FALSE='#'
am__fastdepCC_TRUE=''
am__fastdepCXX_FALSE='#'
am__fastdepCXX_TRUE=''
am__include='include'
am__leading_dot='.'
am__quote=''
am__tar='${AMTAR} chof - "$$tardir"'
am__untar='${AMTAR} xf -'
bindir='${exec_prefix}/bin'
build='i686-apple-darwin16.7.0'
build_alias=''
build_cpu='i686'
build_os='darwin16.7.0'
build_vendor='apple'
datadir='${prefix}/share'
exec_prefix='${prefix}'
host='i686-apple-darwin16.7.0'
host_alias=''
host_cpu='i686'
host_os='darwin16.7.0'
host_vendor='apple'
includedir='${prefix}/include'
infodir='${prefix}/info'
install_sh='/Users/chenhui13/github/mysql_tools/ibd_recovery_with_frm/percona-data-recovery-tool-for-innodb-0.5/mysql-source/install-sh'
libdir='${exec_prefix}/lib'
libexecdir='${exec_prefix}/libexec'
localstatedir='${prefix}/var'
mandir='${prefix}/man'
mkdir_p='$(install_sh) -d'
oldincludedir='/usr/include'
prefix='/usr/local'
program_transform_name='s,x,x,'
sbindir='${exec_prefix}/sbin'
sharedstatedir='${prefix}/com'
sysconfdir='${prefix}/etc'
target='i686-apple-darwin16.7.0'
target_alias=''
target_cpu='i686'
target_os='darwin16.7.0'
target_vendor='apple'

## ----------- ##
## confdefs.h. ##
## ----------- ##

#define HAVE_AIO_H 1
#define HAVE_DLFCN_H 1
#define HAVE_FDATASYNC 1
#define HAVE_INTTYPES_H 1
#define HAVE_LOCALTIME_R 1
#define HAVE_MEMORY_H 1
#define HAVE_SCHED_H 1
#define HAVE_SCHED_YIELD 1
#define HAVE_STDINT_H 1
#define HAVE_STDLIB_H 1
#define HAVE_STRINGS_H 1
#define HAVE_STRING_H 1
#define HAVE_SYS_STAT_H 1
#define HAVE_SYS_TYPES_H 1
#define HAVE_UNISTD_H 1
#define PACKAGE "ib"
#define PACKAGE_BUGREPORT ""
#define PACKAGE_NAME ""
#define PACKAGE_STRING ""
#define PACKAGE_TARNAME ""
#define PACKAGE_VERSION ""
#define SIZEOF_INT 4
#define SIZEOF_LONG 8
#define SIZEOF_VOIDP 8
#define STDC_HEADERS 1
#define VERSION "0.90"
#endif
#ifdef __cplusplus
extern "C" void exit (int) throw ();

configure: exit 0
